<?xml version="1.0" encoding="UTF-8"?>
<testsuite xmlns:xsi="http://www.w3.org/2001/XMLSchema-instance" xsi:noNamespaceSchemaLocation="https://maven.apache.org/surefire/maven-surefire-plugin/xsd/surefire-test-report.xsd" version="3.0.2" name="com.vinay.bankapi.BankapiApplicationTests" time="1.135" tests="1" errors="0" skipped="0" failures="0" flakes="0">
  <properties>
[...]
</properties>
  <testcase name="contextLoads" classname="com.vinay.bankapi.BankapiApplicationTests" time="0.401">
    <system-out><![CDATA[15:32:32.144 [main] INFO org.springframework.test.context.support.AnnotationConfigContextLoaderUtils -- Could not detect default configuration classes for test class [com.vinay.bankapi.BankapiApplicationTests]: BankapiApplicationTests does not declare any static, non-private, non-final, nested classes annotated with @Configuration.
15:32:32.192 [main] INFO org.springframework.boot.test.context.SpringBootTestContextBootstrapper -- Found @SpringBootConfiguration com.vinay.bankapi.BankapiApplication for test class com.vinay.bankapi.BankapiApplicationTests

  .   ____          _            __ _ _
 /\\ / ___'_ __ _ _(_)_ __  __ _ \ \ \ \
( ( )\___ | '_ | '_| | '_ \/ _` | \ \ \ \
 \\/  ___)| |_)| | | | | || (_| |  ) ) ) )
  '  |____| .__|_| |_|_| |_\__, | / / / /
 =========|_|==============|___/=/_/_/_/

 :: Spring Boot ::      (v3.5.15-SNAPSHOT)

2026-06-02T15:32:32.368-04:00  INFO 50806 --- [bankapi] [           main] c.vinay.bankapi.BankapiApplicationTests  : Starting BankapiApplicationTests using Java 26.0.1 with PID 50806 (started by vinayhalwan in /Users/vinayhalwan/Downloads/code/bankapi)
2026-06-02T15:32:32.369-04:00  INFO 50806 --- [bankapi] [           main] c.vinay.bankapi.BankapiApplicationTests  : No active profile set, falling back to 1 default profile: "default"
2026-06-02T15:32:32.810-04:00  INFO 50806 --- [bankapi] [           main] c.vinay.bankapi.BankapiApplicationTests  : Started BankapiApplicationTests in 0.568 seconds (process running for 0.968)
]]></system-out>
    <system-err><![CDATA[Mockito is currently self-attaching to enable the inline-mock-maker. This will no longer work in future releases of the JDK. Please add Mockito as an agent to your build as described in Mockito's documentation: https://javadoc.io/doc/org.mockito/mockito-core/latest/org.mockito/org/mockito/Mockito.html#0.3
WARNING: A Java agent has been loaded dynamically (/Users/vinayhalwan/.m2/repository/net/bytebuddy/byte-buddy-agent/1.17.8/byte-buddy-agent-1.17.8.jar)
WARNING: If a serviceability tool is in use, please run with -XX:+EnableDynamicAgentLoading to hide this warning
WARNING: If a serviceability tool is not in use, please run with -Djdk.instrument.traceUsage for more information
WARNING: Dynamic loading of agents will be disallowed by default in a future release
]]></system-err>
  </testcase>
</testsuite>